[2024-11-20 00:36:55] [::1] [Visitante] [sucesso]: Pergunta excluída com sucesso - Dados: {"id":30,"pergunta":"ooooooooooooooooooooooooooooo","categoria":"Algoritmos","total_partidas":0}
[2024-11-20 01:34:55] [::1] [Visitante] [sucesso]: Pergunta excluída com sucesso - Dados: {"id":31,"pergunta":"111111111111111111111111111111","categoria":"Algoritmos","total_partidas":0}
[2024-11-20 08:36:33] [::1] [Visitante] [erro]: Erro no login: SQLSTATE[42S22]: Column not found: 1054 Unknown column 'status' in 'field list'
[2024-11-20 08:39:52] [::1] [Visitante] [erro]: Erro no login: SQLSTATE[42S22]: Column not found: 1054 Unknown column 'status' in 'field list'
[2024-11-20 08:40:13] [::1] [Visitante] [erro]: Erro no login: SQLSTATE[42S22]: Column not found: 1054 Unknown column 'status' in 'field list'
[2024-11-20 08:46:32] [::1] [Visitante] [alerta]: Tentativa de login falhou - Dados: {"email":"mario@quiz.com"}
[2024-11-20 08:46:34] [::1] [Visitante] [alerta]: Tentativa de login falhou - Dados: {"email":"mario@quiz.com"}
[2024-11-20 08:46:44] [::1] [Visitante] [alerta]: Tentativa de login falhou - Dados: {"email":"mario@quiz.com"}
[2024-11-20 08:47:41] [::1] [Visitante] [alerta]: Tentativa de login falhou - Dados: {"email":"mario@quiz.com"}
[2024-11-20 08:48:19] [::1] [3] [info]: Login realizado com sucesso - Dados: {"admin_id":3}
[2024-11-20 08:48:40] [::1] [3] [info]: Logout realizado - Dados: {"admin_id":3,"admin_nome":"niangi","ip":"::1","tempo_sessao":1732088920}
[2024-11-20 08:48:40] [::1] [3] [erro]: Erro ao registrar logout: SQLSTATE[42S22]: Column not found: 1054 Unknown column 'ultimo_acesso' in 'field list'
[2024-11-20 08:48:50] [::1] [3] [info]: Login realizado com sucesso - Dados: {"admin_id":3}
[2024-11-20 08:48:55] [::1] [3] [info]: Logout realizado - Dados: {"admin_id":3,"admin_nome":"niangi","ip":"::1","tempo_sessao":1732088935}
[2024-11-20 08:48:55] [::1] [3] [erro]: Erro ao registrar logout: SQLSTATE[42S22]: Column not found: 1054 Unknown column 'ultimo_acesso' in 'field list'
[2024-11-20 08:49:46] [::1] [3] [info]: Login realizado com sucesso - Dados: {"admin_id":3}
[2024-11-20 08:51:14] [::1] [3] [info]: Logout realizado - Dados: {"admin_id":3,"admin_nome":"niangi","ip":"::1","tempo_sessao":1732089074}
[2024-11-20 08:51:14] [::1] [3] [erro]: Erro ao registrar logout: SQLSTATE[42S22]: Column not found: 1054 Unknown column 'ultimo_acesso' in 'field list'
[2024-11-20 09:40:21] [::1] [3] [info]: Login realizado com sucesso - Dados: {"admin_id":3}
[2024-11-20 09:43:53] [::1] [3] [info]: Logout realizado - Dados: {"admin_id":3,"admin_nome":"niangi","ip":"::1","tempo_sessao":1732092233}
[2024-11-20 09:43:53] [::1] [3] [erro]: Erro ao registrar logout: SQLSTATE[42S22]: Column not found: 1054 Unknown column 'ultimo_acesso' in 'field list'
[2024-11-20 09:43:55] [::1] [3] [info]: Login realizado com sucesso - Dados: {"admin_id":3}
